2025-10-14 11:16:37,564 - INFO - Starting simple task analysis...
2025-10-14 11:16:37,578 - INFO - Found 11 task files to process
2025-10-14 11:16:37,578 - INFO - Processing task: Task 1 - OperationSymbol.md
2025-10-14 11:16:37,624 - INFO - Saved report: /home/jamie/Documents/uacalcsrc/test_analysis/report_Task 1 - OperationSymbol.md
2025-10-14 11:16:37,628 - INFO - Processing task: Task 10 - LongList.md
2025-10-14 11:16:37,644 - INFO - Saved report: /home/jamie/Documents/uacalcsrc/test_analysis/report_Task 10 - LongList.md
2025-10-14 11:16:37,646 - INFO - Processing task: Task 11 - AbstractOperation.md
2025-10-14 11:16:37,652 - INFO - Saved report: /home/jamie/Documents/uacalcsrc/test_analysis/report_Task 11 - AbstractOperation.md
2025-10-14 11:16:37,653 - INFO - Processing task: Task 12 - Operation.md
2025-10-14 11:16:37,658 - INFO - Saved report: /home/jamie/Documents/uacalcsrc/test_analysis/report_Task 12 - Operation.md
2025-10-14 11:16:37,665 - INFO - Processing task: Task 13 - AbstractIntOperation.md
2025-10-14 11:16:37,666 - INFO - Saved report: /home/jamie/Documents/uacalcsrc/test_analysis/report_Task 13 - AbstractIntOperation.md
2025-10-14 11:16:37,666 - INFO - Processing task: Task 14 - ArrayIncrementor.md
2025-10-14 11:16:37,674 - INFO - Saved report: /home/jamie/Documents/uacalcsrc/test_analysis/report_Task 14 - ArrayIncrementor.md
2025-10-14 11:16:37,674 - INFO - Processing task: Task 15 - SequenceGenerator.md
2025-10-14 11:16:37,681 - INFO - Saved report: /home/jamie/Documents/uacalcsrc/test_analysis/report_Task 15 - SequenceGenerator.md
2025-10-14 11:16:37,681 - INFO - Processing task: Task 16 - OrderedSets.md
2025-10-14 11:16:37,686 - INFO - Saved report: /home/jamie/Documents/uacalcsrc/test_analysis/report_Task 16 - OrderedSets.md
2025-10-14 11:16:37,691 - INFO - Processing task: Task 17 - Pool.md
2025-10-14 11:16:37,699 - INFO - Saved report: /home/jamie/Documents/uacalcsrc/test_analysis/report_Task 17 - Pool.md
2025-10-14 11:16:37,699 - INFO - Processing task: Task 18 - Order.md
2025-10-14 11:16:37,703 - INFO - Saved report: /home/jamie/Documents/uacalcsrc/test_analysis/report_Task 18 - Order.md
2025-10-14 11:16:37,703 - INFO - Processing task: Task 19 - BasicBinaryRelation.md
2025-10-14 11:16:37,725 - INFO - Saved report: /home/jamie/Documents/uacalcsrc/test_analysis/report_Task 19 - BasicBinaryRelation.md
2025-10-14 11:16:37,726 - INFO - Analysis complete in 0.15 seconds
2025-10-14 11:16:37,726 - INFO - Successful: 11, Failed: 0
2025-10-14 11:16:37,726 - INFO - Reports saved to: /home/jamie/Documents/uacalcsrc/test_analysis
2025-10-14 11:17:24,553 - INFO - Starting simple task analysis...
2025-10-14 11:17:24,588 - INFO - Found 85 task files to process
2025-10-14 11:17:24,590 - INFO - Processing task: Task 1 - OperationSymbol.md
2025-10-14 11:17:24,615 - INFO - Saved report: /home/jamie/Documents/uacalcsrc/full_analysis_demo/report_Task 1 - OperationSymbol.md
2025-10-14 11:17:24,620 - INFO - Processing task: Task 2 - SimilarityType.md
2025-10-14 11:17:24,626 - INFO - Saved report: /home/jamie/Documents/uacalcsrc/full_analysis_demo/report_Task 2 - SimilarityType.md
2025-10-14 11:17:24,627 - INFO - Processing task: Task 3 - Horner.md
2025-10-14 11:17:24,642 - INFO - Saved report: /home/jamie/Documents/uacalcsrc/full_analysis_demo/report_Task 3 - Horner.md
2025-10-14 11:17:24,645 - INFO - Processing task: Task 4 - SimpleList.md
2025-10-14 11:17:24,651 - INFO - Saved report: /home/jamie/Documents/uacalcsrc/full_analysis_demo/report_Task 4 - SimpleList.md
2025-10-14 11:17:24,651 - INFO - Processing task: Task 5 - Partition.md
2025-10-14 11:17:24,676 - INFO - Saved report: /home/jamie/Documents/uacalcsrc/full_analysis_demo/report_Task 5 - Partition.md
2025-10-14 11:17:24,678 - INFO - Processing task: Task 6 - ArrayString.md
2025-10-14 11:17:24,681 - INFO - Saved report: /home/jamie/Documents/uacalcsrc/full_analysis_demo/report_Task 6 - ArrayString.md
2025-10-14 11:17:24,682 - INFO - Processing task: Task 7 - BadAlgebraFileException.md
2025-10-14 11:17:24,687 - INFO - Saved report: /home/jamie/Documents/uacalcsrc/full_analysis_demo/report_Task 7 - BadAlgebraFileException.md
2025-10-14 11:17:24,687 - INFO - Processing task: Task 8 - ExtFileFilter.md
2025-10-14 11:17:24,690 - INFO - Saved report: /home/jamie/Documents/uacalcsrc/full_analysis_demo/report_Task 8 - ExtFileFilter.md
2025-10-14 11:17:24,691 - INFO - Processing task: Task 9 - PermutationGenerator.md
2025-10-14 11:17:24,696 - INFO - Saved report: /home/jamie/Documents/uacalcsrc/full_analysis_demo/report_Task 9 - PermutationGenerator.md
2025-10-14 11:17:24,696 - INFO - Processing task: Task 10 - LongList.md
2025-10-14 11:17:24,698 - INFO - Saved report: /home/jamie/Documents/uacalcsrc/full_analysis_demo/report_Task 10 - LongList.md
2025-10-14 11:17:24,699 - INFO - Processing task: Task 11 - AbstractOperation.md
2025-10-14 11:17:24,708 - INFO - Saved report: /home/jamie/Documents/uacalcsrc/full_analysis_demo/report_Task 11 - AbstractOperation.md
2025-10-14 11:17:24,710 - INFO - Processing task: Task 12 - Operation.md
2025-10-14 11:17:24,715 - INFO - Saved report: /home/jamie/Documents/uacalcsrc/full_analysis_demo/report_Task 12 - Operation.md
2025-10-14 11:17:24,715 - INFO - Processing task: Task 13 - AbstractIntOperation.md
2025-10-14 11:17:24,718 - INFO - Saved report: /home/jamie/Documents/uacalcsrc/full_analysis_demo/report_Task 13 - AbstractIntOperation.md
2025-10-14 11:17:24,721 - INFO - Processing task: Task 14 - ArrayIncrementor.md
2025-10-14 11:17:24,727 - INFO - Saved report: /home/jamie/Documents/uacalcsrc/full_analysis_demo/report_Task 14 - ArrayIncrementor.md
2025-10-14 11:17:24,731 - INFO - Processing task: Task 15 - SequenceGenerator.md
2025-10-14 11:17:24,742 - INFO - Saved report: /home/jamie/Documents/uacalcsrc/full_analysis_demo/report_Task 15 - SequenceGenerator.md
2025-10-14 11:17:24,744 - INFO - Processing task: Task 16 - OrderedSets.md
2025-10-14 11:17:24,749 - INFO - Saved report: /home/jamie/Documents/uacalcsrc/full_analysis_demo/report_Task 16 - OrderedSets.md
2025-10-14 11:17:24,752 - INFO - Processing task: Task 17 - Pool.md
2025-10-14 11:17:24,756 - INFO - Saved report: /home/jamie/Documents/uacalcsrc/full_analysis_demo/report_Task 17 - Pool.md
2025-10-14 11:17:24,759 - INFO - Processing task: Task 18 - Order.md
2025-10-14 11:17:24,763 - INFO - Saved report: /home/jamie/Documents/uacalcsrc/full_analysis_demo/report_Task 18 - Order.md
2025-10-14 11:17:24,764 - INFO - Processing task: Task 19 - BasicBinaryRelation.md
2025-10-14 11:17:24,767 - INFO - Saved report: /home/jamie/Documents/uacalcsrc/full_analysis_demo/report_Task 19 - BasicBinaryRelation.md
2025-10-14 11:17:24,769 - INFO - Processing task: Task 20 - Lattice.md
2025-10-14 11:17:24,774 - INFO - Saved report: /home/jamie/Documents/uacalcsrc/full_analysis_demo/report_Task 20 - Lattice.md
2025-10-14 11:17:24,775 - INFO - Processing task: Task 21 - BinaryRelation.md
2025-10-14 11:17:24,780 - INFO - Saved report: /home/jamie/Documents/uacalcsrc/full_analysis_demo/report_Task 21 - BinaryRelation.md
2025-10-14 11:17:24,781 - INFO - Processing task: Task 22 - Presentation.md
2025-10-14 11:17:24,786 - INFO - Saved report: /home/jamie/Documents/uacalcsrc/full_analysis_demo/report_Task 22 - Presentation.md
2025-10-14 11:17:24,787 - INFO - Processing task: Task 23 - IntArray.md
2025-10-14 11:17:24,789 - INFO - Saved report: /home/jamie/Documents/uacalcsrc/full_analysis_demo/report_Task 23 - IntArray.md
2025-10-14 11:17:24,793 - INFO - Processing task: Task 24 - AlgebraFromMinimalSets.md
2025-10-14 11:17:24,810 - INFO - Saved report: /home/jamie/Documents/uacalcsrc/full_analysis_demo/report_Task 24 - AlgebraFromMinimalSets.md
2025-10-14 11:17:24,814 - INFO - Processing task: Task 25 - TermOperation.md
2025-10-14 11:17:24,816 - INFO - Saved report: /home/jamie/Documents/uacalcsrc/full_analysis_demo/report_Task 25 - TermOperation.md
2025-10-14 11:17:24,817 - INFO - Processing task: Task 26 - CentralityData.md
2025-10-14 11:17:24,821 - INFO - Saved report: /home/jamie/Documents/uacalcsrc/full_analysis_demo/report_Task 26 - CentralityData.md
2025-10-14 11:17:24,822 - INFO - Processing task: Task 27 - ParameterizedOperation.md
2025-10-14 11:17:24,826 - INFO - Saved report: /home/jamie/Documents/uacalcsrc/full_analysis_demo/report_Task 27 - ParameterizedOperation.md
2025-10-14 11:17:24,827 - INFO - Processing task: Task 28 - SmallLattice.md
2025-10-14 11:17:24,831 - INFO - Saved report: /home/jamie/Documents/uacalcsrc/full_analysis_demo/report_Task 28 - SmallLattice.md
2025-10-14 11:17:24,833 - INFO - Processing task: Task 29 - Subtrace.md
2025-10-14 11:17:24,836 - INFO - Saved report: /home/jamie/Documents/uacalcsrc/full_analysis_demo/report_Task 29 - Subtrace.md
2025-10-14 11:17:24,837 - INFO - Processing task: Task 30 - Element.md
2025-10-14 11:17:24,840 - INFO - Saved report: /home/jamie/Documents/uacalcsrc/full_analysis_demo/report_Task 30 - Element.md
2025-10-14 11:17:24,843 - INFO - Processing task: Task 31 - TupleWithMin.md
2025-10-14 11:17:24,849 - INFO - Saved report: /home/jamie/Documents/uacalcsrc/full_analysis_demo/report_Task 31 - TupleWithMin.md
2025-10-14 11:17:24,851 - INFO - Processing task: Task 32 - MaltsevDecompositionIterator.md
2025-10-14 11:17:24,855 - INFO - Saved report: /home/jamie/Documents/uacalcsrc/full_analysis_demo/report_Task 32 - MaltsevDecompositionIterator.md
2025-10-14 11:17:24,858 - INFO - Processing task: Task 33 - TermOperationImp.md
2025-10-14 11:17:24,865 - INFO - Saved report: /home/jamie/Documents/uacalcsrc/full_analysis_demo/report_Task 33 - TermOperationImp.md
2025-10-14 11:17:24,871 - INFO - Processing task: Task 34 - CloserTiming.md
2025-10-14 11:17:24,876 - INFO - Saved report: /home/jamie/Documents/uacalcsrc/full_analysis_demo/report_Task 34 - CloserTiming.md
2025-10-14 11:17:24,877 - INFO - Processing task: Task 35 - Equations.md
2025-10-14 11:17:24,885 - INFO - Saved report: /home/jamie/Documents/uacalcsrc/full_analysis_demo/report_Task 35 - Equations.md
2025-10-14 11:17:24,886 - INFO - Processing task: Task 36 - PartiallyDefinedLattice.md
2025-10-14 11:17:24,888 - INFO - Saved report: /home/jamie/Documents/uacalcsrc/full_analysis_demo/report_Task 36 - PartiallyDefinedLattice.md
2025-10-14 11:17:24,888 - INFO - Processing task: Task 37 - Mace4Reader.md
2025-10-14 11:17:24,897 - INFO - Saved report: /home/jamie/Documents/uacalcsrc/full_analysis_demo/report_Task 37 - Mace4Reader.md
2025-10-14 11:17:24,897 - INFO - Processing task: Task 38 - MaltsevProductDecomposition.md
2025-10-14 11:17:24,901 - INFO - Saved report: /home/jamie/Documents/uacalcsrc/full_analysis_demo/report_Task 38 - MaltsevProductDecomposition.md
2025-10-14 11:17:24,903 - INFO - Processing task: Task 39 - QuotientElement.md
2025-10-14 11:17:24,914 - INFO - Saved report: /home/jamie/Documents/uacalcsrc/full_analysis_demo/report_Task 39 - QuotientElement.md
2025-10-14 11:17:24,914 - INFO - Processing task: Task 40 - Variable.md
2025-10-14 11:17:24,918 - INFO - Saved report: /home/jamie/Documents/uacalcsrc/full_analysis_demo/report_Task 40 - Variable.md
2025-10-14 11:17:24,926 - INFO - Processing task: Task 41 - SmallAlgebra.md
2025-10-14 11:17:24,928 - INFO - Saved report: /home/jamie/Documents/uacalcsrc/full_analysis_demo/report_Task 41 - SmallAlgebra.md
2025-10-14 11:17:24,931 - INFO - Processing task: Task 42 - Polymorphisms.md
2025-10-14 11:17:24,939 - INFO - Saved report: /home/jamie/Documents/uacalcsrc/full_analysis_demo/report_Task 42 - Polymorphisms.md
2025-10-14 11:17:24,940 - INFO - Processing task: Task 43 - Homomorphism.md
2025-10-14 11:17:24,947 - INFO - Saved report: /home/jamie/Documents/uacalcsrc/full_analysis_demo/report_Task 43 - Homomorphism.md
2025-10-14 11:17:24,947 - INFO - Processing task: Task 44 - Terms.md
2025-10-14 11:17:24,974 - INFO - Saved report: /home/jamie/Documents/uacalcsrc/full_analysis_demo/report_Task 44 - Terms.md
2025-10-14 11:17:24,974 - INFO - Processing task: Task 45 - JSONChannel.md
2025-10-14 11:17:24,991 - INFO - Saved report: /home/jamie/Documents/uacalcsrc/full_analysis_demo/report_Task 45 - JSONChannel.md
2025-10-14 11:17:24,992 - INFO - Processing task: Task 46 - TypeFinder.md
2025-10-14 11:17:25,011 - INFO - Saved report: /home/jamie/Documents/uacalcsrc/full_analysis_demo/report_Task 46 - TypeFinder.md
2025-10-14 11:17:25,013 - INFO - Processing task: Task 47 - BasicSet.md
2025-10-14 11:17:25,021 - INFO - Saved report: /home/jamie/Documents/uacalcsrc/full_analysis_demo/report_Task 47 - BasicSet.md
2025-10-14 11:17:25,021 - INFO - Processing task: Task 48 - Taylor.md
2025-10-14 11:17:25,042 - INFO - Saved report: /home/jamie/Documents/uacalcsrc/full_analysis_demo/report_Task 48 - Taylor.md
2025-10-14 11:17:25,043 - INFO - Processing task: Task 49 - OperationWithDefaultValue.md
2025-10-14 11:17:25,046 - INFO - Saved report: /home/jamie/Documents/uacalcsrc/full_analysis_demo/report_Task 49 - OperationWithDefaultValue.md
2025-10-14 11:17:25,048 - INFO - Processing task: Task 50 - Operations.md
2025-10-14 11:17:25,052 - INFO - Saved report: /home/jamie/Documents/uacalcsrc/full_analysis_demo/report_Task 50 - Operations.md
2025-10-14 11:17:25,053 - INFO - Processing task: Task 51 - SubProductElement.md
2025-10-14 11:17:25,057 - INFO - Saved report: /home/jamie/Documents/uacalcsrc/full_analysis_demo/report_Task 51 - SubProductElement.md
2025-10-14 11:17:25,059 - INFO - Processing task: Task 52 - ParameterizedAlgebra.md
2025-10-14 11:17:25,062 - INFO - Saved report: /home/jamie/Documents/uacalcsrc/full_analysis_demo/report_Task 52 - ParameterizedAlgebra.md
2025-10-14 11:17:25,064 - INFO - Processing task: Task 53 - VirtualLists.md
2025-10-14 11:17:25,068 - INFO - Saved report: /home/jamie/Documents/uacalcsrc/full_analysis_demo/report_Task 53 - VirtualLists.md
2025-10-14 11:17:25,072 - INFO - Processing task: Task 54 - AlgebraWriter.md
2025-10-14 11:17:25,078 - INFO - Saved report: /home/jamie/Documents/uacalcsrc/full_analysis_demo/report_Task 54 - AlgebraWriter.md
2025-10-14 11:17:25,079 - INFO - Processing task: Task 55 - Algebra.md
2025-10-14 11:17:25,085 - INFO - Saved report: /home/jamie/Documents/uacalcsrc/full_analysis_demo/report_Task 55 - Algebra.md
2025-10-14 11:17:25,086 - INFO - Processing task: Task 56 - Term.md
2025-10-14 11:17:25,089 - INFO - Saved report: /home/jamie/Documents/uacalcsrc/full_analysis_demo/report_Task 56 - Term.md
2025-10-14 11:17:25,092 - INFO - Processing task: Task 57 - PowerAlgebra.md
2025-10-14 11:17:25,099 - INFO - Saved report: /home/jamie/Documents/uacalcsrc/full_analysis_demo/report_Task 57 - PowerAlgebra.md
2025-10-14 11:17:25,099 - INFO - Processing task: Task 58 - Equation.md
2025-10-14 11:17:25,104 - INFO - Saved report: /home/jamie/Documents/uacalcsrc/full_analysis_demo/report_Task 58 - Equation.md
2025-10-14 11:17:25,104 - INFO - Processing task: Task 59 - Lattices.md
2025-10-14 11:17:25,111 - INFO - Saved report: /home/jamie/Documents/uacalcsrc/full_analysis_demo/report_Task 59 - Lattices.md
2025-10-14 11:17:25,111 - INFO - Processing task: Task 60 - AlgebraWithGeneratingVector.md
2025-10-14 11:17:25,117 - INFO - Saved report: /home/jamie/Documents/uacalcsrc/full_analysis_demo/report_Task 60 - AlgebraWithGeneratingVector.md
2025-10-14 11:17:25,119 - INFO - Processing task: Task 61 - SingleClose.md
2025-10-14 11:17:25,130 - INFO - Saved report: /home/jamie/Documents/uacalcsrc/full_analysis_demo/report_Task 61 - SingleClose.md
2025-10-14 11:17:25,130 - INFO - Processing task: Task 62 - AlgebraReader.md
2025-10-14 11:17:25,139 - INFO - Saved report: /home/jamie/Documents/uacalcsrc/full_analysis_demo/report_Task 62 - AlgebraReader.md
2025-10-14 11:17:25,139 - INFO - Processing task: Task 63 - Malcev.md
2025-10-14 11:17:25,152 - INFO - Saved report: /home/jamie/Documents/uacalcsrc/full_analysis_demo/report_Task 63 - Malcev.md
2025-10-14 11:17:25,160 - INFO - Processing task: Task 64 - ReductAlgebra.md
2025-10-14 11:17:25,167 - INFO - Saved report: /home/jamie/Documents/uacalcsrc/full_analysis_demo/report_Task 64 - ReductAlgebra.md
2025-10-14 11:17:25,167 - INFO - Processing task: Task 65 - AlgebraIO.md
2025-10-14 11:17:25,174 - INFO - Saved report: /home/jamie/Documents/uacalcsrc/full_analysis_demo/report_Task 65 - AlgebraIO.md
2025-10-14 11:17:25,174 - INFO - Processing task: Task 66 - GeneralAlgebra.md
2025-10-14 11:17:25,181 - INFO - Saved report: /home/jamie/Documents/uacalcsrc/full_analysis_demo/report_Task 66 - GeneralAlgebra.md
2025-10-14 11:17:25,182 - INFO - Processing task: Task 67 - VariableImp.md
2025-10-14 11:17:25,187 - INFO - Saved report: /home/jamie/Documents/uacalcsrc/full_analysis_demo/report_Task 67 - VariableImp.md
2025-10-14 11:17:25,188 - INFO - Processing task: Task 68 - Subalgebra.md
2025-10-14 11:17:25,195 - INFO - Saved report: /home/jamie/Documents/uacalcsrc/full_analysis_demo/report_Task 68 - Subalgebra.md
2025-10-14 11:17:25,200 - INFO - Processing task: Task 69 - BasicPartition.md
2025-10-14 11:17:25,203 - INFO - Saved report: /home/jamie/Documents/uacalcsrc/full_analysis_demo/report_Task 69 - BasicPartition.md
2025-10-14 11:17:25,203 - INFO - Processing task: Task 70 - PermutationGroup.md
2025-10-14 11:17:25,211 - INFO - Saved report: /home/jamie/Documents/uacalcsrc/full_analysis_demo/report_Task 70 - PermutationGroup.md
2025-10-14 11:17:25,213 - INFO - Processing task: Task 71 - BasicAlgebra.md
2025-10-14 11:17:25,218 - INFO - Saved report: /home/jamie/Documents/uacalcsrc/full_analysis_demo/report_Task 71 - BasicAlgebra.md
2025-10-14 11:17:25,219 - INFO - Processing task: Task 72 - UnaryTermsMonoid.md
2025-10-14 11:17:25,224 - INFO - Saved report: /home/jamie/Documents/uacalcsrc/full_analysis_demo/report_Task 72 - UnaryTermsMonoid.md
2025-10-14 11:17:25,224 - INFO - Processing task: Task 73 - ProductAlgebra.md
2025-10-14 11:17:25,232 - INFO - Saved report: /home/jamie/Documents/uacalcsrc/full_analysis_demo/report_Task 73 - ProductAlgebra.md
2025-10-14 11:17:25,234 - INFO - Processing task: Task 74 - NonVariableTerm.md
2025-10-14 11:17:25,241 - INFO - Saved report: /home/jamie/Documents/uacalcsrc/full_analysis_demo/report_Task 74 - NonVariableTerm.md
2025-10-14 11:17:25,243 - INFO - Processing task: Task 75 - MatrixPowerAlgebra.md
2025-10-14 11:17:25,250 - INFO - Saved report: /home/jamie/Documents/uacalcsrc/full_analysis_demo/report_Task 75 - MatrixPowerAlgebra.md
2025-10-14 11:17:25,253 - INFO - Processing task: Task 76 - SubalgebraLattice.md
2025-10-14 11:17:25,258 - INFO - Saved report: /home/jamie/Documents/uacalcsrc/full_analysis_demo/report_Task 76 - SubalgebraLattice.md
2025-10-14 11:17:25,259 - INFO - Processing task: Task 77 - QuotientAlgebra.md
2025-10-14 11:17:25,268 - INFO - Saved report: /home/jamie/Documents/uacalcsrc/full_analysis_demo/report_Task 77 - QuotientAlgebra.md
2025-10-14 11:17:25,270 - INFO - Processing task: Task 78 - BigProductAlgebra.md
2025-10-14 11:17:25,278 - INFO - Saved report: /home/jamie/Documents/uacalcsrc/full_analysis_demo/report_Task 78 - BigProductAlgebra.md
2025-10-14 11:17:25,281 - INFO - Processing task: Task 79 - PolinLikeAlgebra.md
2025-10-14 11:17:25,286 - INFO - Saved report: /home/jamie/Documents/uacalcsrc/full_analysis_demo/report_Task 79 - PolinLikeAlgebra.md
2025-10-14 11:17:25,286 - INFO - Processing task: Task 80 - CongruenceLattice.md
2025-10-14 11:17:25,308 - INFO - Saved report: /home/jamie/Documents/uacalcsrc/full_analysis_demo/report_Task 80 - CongruenceLattice.md
2025-10-14 11:17:25,310 - INFO - Processing task: Task 81 - FreeAlgebra.md
2025-10-14 11:17:25,316 - INFO - Saved report: /home/jamie/Documents/uacalcsrc/full_analysis_demo/report_Task 81 - FreeAlgebra.md
2025-10-14 11:17:25,316 - INFO - Processing task: Task 82 - Algebras.md
2025-10-14 11:17:25,318 - INFO - Saved report: /home/jamie/Documents/uacalcsrc/full_analysis_demo/report_Task 82 - Algebras.md
2025-10-14 11:17:25,320 - INFO - Processing task: Task 83 - SubProductAlgebra.md
2025-10-14 11:17:25,325 - INFO - Saved report: /home/jamie/Documents/uacalcsrc/full_analysis_demo/report_Task 83 - SubProductAlgebra.md
2025-10-14 11:17:25,325 - INFO - Processing task: Task 84 - Closer.md
2025-10-14 11:17:25,332 - INFO - Saved report: /home/jamie/Documents/uacalcsrc/full_analysis_demo/report_Task 84 - Closer.md
2025-10-14 11:17:25,333 - INFO - Processing task: Task 85 - BasicLattice.md
2025-10-14 11:17:25,337 - INFO - Saved report: /home/jamie/Documents/uacalcsrc/full_analysis_demo/report_Task 85 - BasicLattice.md
2025-10-14 11:17:25,356 - INFO - Analysis complete in 0.77 seconds
2025-10-14 11:17:25,356 - INFO - Successful: 85, Failed: 0
2025-10-14 11:17:25,357 - INFO - Reports saved to: /home/jamie/Documents/uacalcsrc/full_analysis_demo
